# ELBREAD: Elaboration process.
# ELBREAD: Elaboration time 0.3 [s].
acom -reorder -O3 -e 100 -work CNN -2002  $dsn/src/utility.vhd $dsn/src/PE.vhd $dsn/src/main.vhd $dsn/src/TestBench/cnn_TB.vhd
# Warning: DAGGEN_0523: The source is compiled without the -dbg switch. Line breakpoints and assertion debug will not be available.
# File: C:/Users/sayin/Desktop/code/CNN_Project/CNN_Project/CNN/src/utility.vhd
# Compile Package "utility"
# Compile Package Body "utility"
# File: C:/Users/sayin/Desktop/code/CNN_Project/CNN_Project/CNN/src/PE.vhd
# Compile Package "PE"
# Compile Package Body "PE"
# File: C:/Users/sayin/Desktop/code/CNN_Project/CNN_Project/CNN/src/main.vhd
# Compile Entity "CNN"
# Compile Architecture "behavioral" of Entity "CNN"
# File: C:/Users/sayin/Desktop/code/CNN_Project/CNN_Project/CNN/src/TestBench/cnn_TB.vhd
# Compile Entity "cnn_tb"
# Compile Architecture "TB_ARCHITECTURE" of Entity "cnn_tb"
# Compile Configuration "TESTBENCH_FOR_cnn"
# Top-level unit(s) detected:
# Configuration => TESTBENCH_FOR_cnn
# Warning: COMP96_0564: main.vhd : (18, 5): Shared variable is not of a protected type. (IEEE 1076-2002, 4.3.1.3)
# Compile success 0 Errors 1 Warnings  Analysis time :  0.4 [s]
asim -O5 +access +r +m+cnn_tb cnn_tb TB_ARCHITECTURE
# ELBREAD: Elaboration process.
# ELBREAD: Elaboration time 0.1 [s].
# VSIM: Stack memory: 32MB
# VSIM: Retval memory: 32MB
# KERNEL: Main thread initiated.
# KERNEL: Kernel process initialization phase.
# ELAB2: Elaboration final pass...
# ELAB2: Create instances ...
# KERNEL: Time resolution set to 1ps.
# ELAB2: Create instances complete.
# SLP: Started
# SLP: Elaboration phase ...
# SLP: Elaboration phase ... skipped, nothing to simulate in SLP mode : 0.0 [s]
# SLP: Finished : 0.0 [s]
# ELAB2: Elaboration final pass complete - time: 0.9 [s].
# KERNEL: Kernel process initialization done.
# Allocation: Simulator allocated 6137 kB (elbread=427 elab2=5571 kernel=139 sdf=0)
# KERNEL: ASDB file was created in location C:\Users\sayin\Desktop\code\CNN_Project\CNN_Project\CNN\src\wave.asdb
#  1:25 PM, Thursday, January 26, 2023
#  Simulation has been initialized
run 100 ns
# KERNEL: stopped at time: 100 ns
restart
# ELBREAD: Elaboration process.
# ELBREAD: Elaboration time 0.0 [s].
# KERNEL: Main thread initiated.
# KERNEL: Kernel process initialization phase.
# ELAB2: Elaboration final pass...
# ELAB2: Create instances ...
# KERNEL: Time resolution set to 1ps.
# ELAB2: Create instances complete.
# SLP: Started
# SLP: Elaboration phase ...
# SLP: Elaboration phase ... skipped, nothing to simulate in SLP mode : 0.0 [s]
# SLP: Finished : 0.0 [s]
# ELAB2: Elaboration final pass complete - time: 0.0 [s].
# KERNEL: Kernel process initialization done.
# Allocation: Simulator allocated 6137 kB (elbread=427 elab2=5571 kernel=139 sdf=0)
# KERNEL: ASDB file was created in location C:\Users\sayin\Desktop\code\CNN_Project\CNN_Project\CNN\src\wave.asdb
#  1:25 PM, Thursday, January 26, 2023
#  Simulation has been initialized
# VSIM: 3 object(s) traced.
# Waveform file 'untitled.awc' connected to 'C:/Users/sayin/Desktop/code/CNN_Project/CNN_Project/CNN/src/wave.asdb'.
run 100 ns
# KERNEL: stopped at time: 100 ns
acom -reorder -O3 -e 100 -work CNN -2002  $dsn/src/utility.vhd $dsn/src/PE.vhd $dsn/src/main.vhd $dsn/src/TestBench/cnn_TB.vhd
# Warning: DAGGEN_0523: The source is compiled without the -dbg switch. Line breakpoints and assertion debug will not be available.
# File: C:/Users/sayin/Desktop/code/CNN_Project/CNN_Project/CNN/src/utility.vhd
# Compile Package "utility"
# Compile Package Body "utility"
# File: C:/Users/sayin/Desktop/code/CNN_Project/CNN_Project/CNN/src/PE.vhd
# Compile Package "PE"
# Compile Package Body "PE"
# File: C:/Users/sayin/Desktop/code/CNN_Project/CNN_Project/CNN/src/main.vhd
# Compile Entity "CNN"
# Compile Architecture "behavioral" of Entity "CNN"
# File: C:/Users/sayin/Desktop/code/CNN_Project/CNN_Project/CNN/src/TestBench/cnn_TB.vhd
# Compile Entity "cnn_tb"
# Compile Architecture "TB_ARCHITECTURE" of Entity "cnn_tb"
# Compile Configuration "TESTBENCH_FOR_cnn"
# Top-level unit(s) detected:
# Configuration => TESTBENCH_FOR_cnn
# Warning: COMP96_0564: main.vhd : (18, 5): Shared variable is not of a protected type. (IEEE 1076-2002, 4.3.1.3)
# Compile success 0 Errors 1 Warnings  Analysis time :  0.2 [s]
acom -O3 -e 100 -work CNN -2002  $dsn/src/utility.vhd $dsn/src/PE.vhd $dsn/src/main.vhd $dsn/src/TestBench/cnn_TB.vhd
# Warning: DAGGEN_0523: The source is compiled without the -dbg switch. Line breakpoints and assertion debug will not be available.
# File: C:/Users/sayin/Desktop/code/CNN_Project/CNN_Project/CNN/src/utility.vhd
# Compile Package "utility"
# Compile Package Body "utility"
# File: C:/Users/sayin/Desktop/code/CNN_Project/CNN_Project/CNN/src/PE.vhd
# Compile Package "PE"
# Compile Package Body "PE"
# File: C:/Users/sayin/Desktop/code/CNN_Project/CNN_Project/CNN/src/main.vhd
# Compile Entity "CNN"
# Compile Architecture "behavioral" of Entity "CNN"
# Warning: COMP96_0564: main.vhd : (18, 5): Shared variable is not of a protected type. (IEEE 1076-2002, 4.3.1.3)
# File: C:/Users/sayin/Desktop/code/CNN_Project/CNN_Project/CNN/src/TestBench/cnn_TB.vhd
# Compile Entity "cnn_tb"
# Compile Architecture "TB_ARCHITECTURE" of Entity "cnn_tb"
# Compile Configuration "TESTBENCH_FOR_cnn"
# Compile success 0 Errors 1 Warnings  Analysis time :  0.2 [s]
restart
# ELBREAD: Elaboration process.
# ELBREAD: Elaboration time 0.0 [s].
# KERNEL: Main thread initiated.
# KERNEL: Kernel process initialization phase.
# ELAB2: Elaboration final pass...
# ELAB2: Create instances ...
# KERNEL: Time resolution set to 1ps.
# ELAB2: Create instances complete.
# SLP: Started
# SLP: Elaboration phase ...
# SLP: Elaboration phase ... skipped, nothing to simulate in SLP mode : 0.0 [s]
# SLP: Finished : 0.0 [s]
# ELAB2: Elaboration final pass complete - time: 0.0 [s].
# KERNEL: Kernel process initialization done.
# Allocation: Simulator allocated 6138 kB (elbread=427 elab2=5571 kernel=139 sdf=0)
# KERNEL: ASDB file was created in location C:\Users\sayin\Desktop\code\CNN_Project\CNN_Project\CNN\src\wave.asdb
#  1:26 PM, Thursday, January 26, 2023
#  Simulation has been initialized
# Waveform file 'untitled.awc' connected to 'C:/Users/sayin/Desktop/code/CNN_Project/CNN_Project/CNN/src/wave.asdb'.
run 100 ns
# KERNEL: stopped at time: 100 ns
# Signal /cnn_tb/output(125,84) = 192
#  Process /cnn_tb/UUT/logic = 192
acom -O3 -e 100 -work CNN -2002  $dsn/src/utility.vhd $dsn/src/PE.vhd $dsn/src/main.vhd $dsn/src/TestBench/cnn_TB.vhd
# Warning: DAGGEN_0523: The source is compiled without the -dbg switch. Line breakpoints and assertion debug will not be available.
# File: C:/Users/sayin/Desktop/code/CNN_Project/CNN_Project/CNN/src/utility.vhd
# Compile Package "utility"
# Compile Package Body "utility"
# File: C:/Users/sayin/Desktop/code/CNN_Project/CNN_Project/CNN/src/PE.vhd
# Compile Package "PE"
# Compile Package Body "PE"
# File: C:/Users/sayin/Desktop/code/CNN_Project/CNN_Project/CNN/src/main.vhd
# Compile Entity "CNN"
# Compile Architecture "behavioral" of Entity "CNN"
# Warning: COMP96_0564: main.vhd : (18, 5): Shared variable is not of a protected type. (IEEE 1076-2002, 4.3.1.3)
# Error: COMP96_0091: main.vhd : (26, 34): Too many actual parameters in subprogram call.
# File: C:/Users/sayin/Desktop/code/CNN_Project/CNN_Project/CNN/src/TestBench/cnn_TB.vhd
# Compile Entity "cnn_tb"
# Compile Architecture "TB_ARCHITECTURE" of Entity "cnn_tb"
# Compile Configuration "TESTBENCH_FOR_cnn"
# Compile failure 1 Errors 1 Warnings  Analysis time :  0.2 [s]
acom -O3 -e 100 -work CNN -2002  $dsn/src/utility.vhd $dsn/src/PE.vhd $dsn/src/main.vhd $dsn/src/TestBench/cnn_TB.vhd
# Warning: DAGGEN_0523: The source is compiled without the -dbg switch. Line breakpoints and assertion debug will not be available.
# File: C:/Users/sayin/Desktop/code/CNN_Project/CNN_Project/CNN/src/utility.vhd
# Compile Package "utility"
# Compile Package Body "utility"
# File: C:/Users/sayin/Desktop/code/CNN_Project/CNN_Project/CNN/src/PE.vhd
# Compile Package "PE"
# Compile Package Body "PE"
# File: C:/Users/sayin/Desktop/code/CNN_Project/CNN_Project/CNN/src/main.vhd
# Compile Entity "CNN"
# Compile Architecture "behavioral" of Entity "CNN"
# Warning: COMP96_0564: main.vhd : (18, 5): Shared variable is not of a protected type. (IEEE 1076-2002, 4.3.1.3)
# File: C:/Users/sayin/Desktop/code/CNN_Project/CNN_Project/CNN/src/TestBench/cnn_TB.vhd
# Compile Entity "cnn_tb"
# Compile Architecture "TB_ARCHITECTURE" of Entity "cnn_tb"
# Compile Configuration "TESTBENCH_FOR_cnn"
# Compile success 0 Errors 1 Warnings  Analysis time :  0.2 [s]
restart
# ELBREAD: Elaboration process.
# ELBREAD: Elaboration time 0.0 [s].
# KERNEL: Main thread initiated.
# KERNEL: Kernel process initialization phase.
# ELAB2: Elaboration final pass...
# ELAB2: Create instances ...
# KERNEL: Time resolution set to 1ps.
# ELAB2: Create instances complete.
# SLP: Started
# SLP: Elaboration phase ...
# SLP: Elaboration phase ... skipped, nothing to simulate in SLP mode : 0.0 [s]
# SLP: Finished : 0.0 [s]
# ELAB2: Elaboration final pass complete - time: 0.0 [s].
# KERNEL: Kernel process initialization done.
# Allocation: Simulator allocated 6137 kB (elbread=427 elab2=5571 kernel=139 sdf=0)
# KERNEL: ASDB file was created in location C:\Users\sayin\Desktop\code\CNN_Project\CNN_Project\CNN\src\wave.asdb
#  1:35 PM, Thursday, January 26, 2023
#  Simulation has been initialized
# Waveform file 'untitled.awc' connected to 'C:/Users/sayin/Desktop/code/CNN_Project/CNN_Project/CNN/src/wave.asdb'.
run 100 ns
# KERNEL: stopped at time: 100 ns
acom -O3 -e 100 -work CNN -2002  $dsn/src/utility.vhd $dsn/src/PE.vhd $dsn/src/main.vhd $dsn/src/TestBench/cnn_TB.vhd
# Warning: DAGGEN_0523: The source is compiled without the -dbg switch. Line breakpoints and assertion debug will not be available.
# File: C:/Users/sayin/Desktop/code/CNN_Project/CNN_Project/CNN/src/utility.vhd
# Compile Package "utility"
# Compile Package Body "utility"
# File: C:/Users/sayin/Desktop/code/CNN_Project/CNN_Project/CNN/src/PE.vhd
# Compile Package "PE"
# Compile Package Body "PE"
# File: C:/Users/sayin/Desktop/code/CNN_Project/CNN_Project/CNN/src/main.vhd
# Compile Entity "CNN"
# Compile Architecture "behavioral" of Entity "CNN"
# Warning: COMP96_0564: main.vhd : (18, 5): Shared variable is not of a protected type. (IEEE 1076-2002, 4.3.1.3)
# File: C:/Users/sayin/Desktop/code/CNN_Project/CNN_Project/CNN/src/TestBench/cnn_TB.vhd
# Compile Entity "cnn_tb"
# Compile Architecture "TB_ARCHITECTURE" of Entity "cnn_tb"
# Compile Configuration "TESTBENCH_FOR_cnn"
# Compile success 0 Errors 1 Warnings  Analysis time :  0.3 [s]
restart
# ELBREAD: Elaboration process.
# ELBREAD: Elaboration time 0.1 [s].
# KERNEL: Main thread initiated.
# KERNEL: Kernel process initialization phase.
# ELAB2: Elaboration final pass...
# ELAB2: Create instances ...
# KERNEL: Time resolution set to 1ps.
# ELAB2: Create instances complete.
# SLP: Started
# SLP: Elaboration phase ...
# SLP: Elaboration phase ... skipped, nothing to simulate in SLP mode : 0.0 [s]
# SLP: Finished : 0.0 [s]
# ELAB2: Elaboration final pass complete - time: 0.4 [s].
# KERNEL: Kernel process initialization done.
# Allocation: Simulator allocated 7336 kB (elbread=427 elab2=6763 kernel=145 sdf=0)
# KERNEL: ASDB file was created in location C:\Users\sayin\Desktop\code\CNN_Project\CNN_Project\CNN\src\wave.asdb
#  6:09 PM, Thursday, January 26, 2023
#  Simulation has been initialized
# Waveform file 'untitled.awc' connected to 'C:/Users/sayin/Desktop/code/CNN_Project/CNN_Project/CNN/src/wave.asdb'.
run 100 ns
# KERNEL: ERROR  : TextIO internal error: Could not read type "INTEGER" from line.
# KERNEL: Time: 0 ps,  Iteration: 0,  Instance: /cnn_tb,  Process: testbench.
# RUNTIME: Fatal Error: RUNTIME_0050 cnn_TB.vhd (64): EOF reached while reading file "C:\Users\sayin\Desktop\code\CNN_Project\CNN_Project\CNN\src\bits.txt".
# KERNEL: Time: 0 ps,  Iteration: 0,  Instance: /cnn_tb,  Process: testbench.
# KERNEL: Stopped at time 0 ps + 0.
# VSIM: Error: Fatal error occurred during simulation.
acom -O3 -e 100 -work CNN -2002  $dsn/src/utility.vhd $dsn/src/PE.vhd $dsn/src/main.vhd $dsn/src/TestBench/cnn_TB.vhd
# Warning: DAGGEN_0523: The source is compiled without the -dbg switch. Line breakpoints and assertion debug will not be available.
# File: C:/Users/sayin/Desktop/code/CNN_Project/CNN_Project/CNN/src/utility.vhd
# Compile Package "utility"
# Compile Package Body "utility"
# File: C:/Users/sayin/Desktop/code/CNN_Project/CNN_Project/CNN/src/PE.vhd
# Compile Package "PE"
# Compile Package Body "PE"
# File: C:/Users/sayin/Desktop/code/CNN_Project/CNN_Project/CNN/src/main.vhd
# Compile Entity "CNN"
# Compile Architecture "behavioral" of Entity "CNN"
# Warning: COMP96_0564: main.vhd : (18, 5): Shared variable is not of a protected type. (IEEE 1076-2002, 4.3.1.3)
# File: C:/Users/sayin/Desktop/code/CNN_Project/CNN_Project/CNN/src/TestBench/cnn_TB.vhd
# Compile Entity "cnn_tb"
# Compile Architecture "TB_ARCHITECTURE" of Entity "cnn_tb"
# Compile Configuration "TESTBENCH_FOR_cnn"
# Compile success 0 Errors 1 Warnings  Analysis time :  0.1 [s]
restart
# ELBREAD: Elaboration process.
# ELBREAD: Elaboration time 0.0 [s].
# KERNEL: Main thread initiated.
# KERNEL: Kernel process initialization phase.
# ELAB2: Elaboration final pass...
# ELAB2: Create instances ...
# KERNEL: Time resolution set to 1ps.
# ELAB2: Create instances complete.
# SLP: Started
# SLP: Elaboration phase ...
# SLP: Elaboration phase ... skipped, nothing to simulate in SLP mode : 0.0 [s]
# SLP: Finished : 0.0 [s]
# ELAB2: Elaboration final pass complete - time: 0.0 [s].
# KERNEL: Kernel process initialization done.
# Allocation: Simulator allocated 7336 kB (elbread=427 elab2=6763 kernel=145 sdf=0)
# KERNEL: ASDB file was created in location C:\Users\sayin\Desktop\code\CNN_Project\CNN_Project\CNN\src\wave.asdb
#  6:13 PM, Thursday, January 26, 2023
#  Simulation has been initialized
# Waveform file 'untitled.awc' connected to 'C:/Users/sayin/Desktop/code/CNN_Project/CNN_Project/CNN/src/wave.asdb'.
run 100 ns
# KERNEL: stopped at time: 100 ns
run 100 ns
# KERNEL: stopped at time: 200 ns
run 100 ns
# KERNEL: stopped at time: 300 ns
run 100 ns
# KERNEL: stopped at time: 400 ns
run 100 ns
# KERNEL: stopped at time: 500 ns
run 100 ns
# KERNEL: stopped at time: 600 ns
run 100 ns
# KERNEL: Simulation has finished. There are no more test vectors to simulate.
run 100 ns
# KERNEL: stopped at time: 800 ns
# KERNEL: Simulation has finished. There are no more test vectors to simulate.
acom -O3 -e 100 -work CNN -2002  $dsn/src/utility.vhd $dsn/src/PE.vhd $dsn/src/main.vhd $dsn/src/TestBench/cnn_TB.vhd
# Warning: DAGGEN_0523: The source is compiled without the -dbg switch. Line breakpoints and assertion debug will not be available.
# File: C:/Users/sayin/Desktop/code/CNN_Project/CNN_Project/CNN/src/utility.vhd
# Compile Package "utility"
# Compile Package Body "utility"
# File: C:/Users/sayin/Desktop/code/CNN_Project/CNN_Project/CNN/src/PE.vhd
# Compile Package "PE"
# Compile Package Body "PE"
# File: C:/Users/sayin/Desktop/code/CNN_Project/CNN_Project/CNN/src/main.vhd
# Compile Entity "CNN"
# Compile Architecture "behavioral" of Entity "CNN"
# Warning: COMP96_0564: main.vhd : (18, 5): Shared variable is not of a protected type. (IEEE 1076-2002, 4.3.1.3)
# File: C:/Users/sayin/Desktop/code/CNN_Project/CNN_Project/CNN/src/TestBench/cnn_TB.vhd
# Compile Entity "cnn_tb"
# Compile Architecture "TB_ARCHITECTURE" of Entity "cnn_tb"
# Compile Configuration "TESTBENCH_FOR_cnn"
# Compile success 0 Errors 1 Warnings  Analysis time :  0.5 [s]
restart
# ELBREAD: Elaboration process.
# ELBREAD: Elaboration time 0.1 [s].
# KERNEL: Main thread initiated.
# KERNEL: Kernel process initialization phase.
# ELAB2: Elaboration final pass...
# ELAB2: Create instances ...
# KERNEL: Time resolution set to 1ps.
# ELAB2: Create instances complete.
# SLP: Started
# SLP: Elaboration phase ...
# SLP: Elaboration phase ... skipped, nothing to simulate in SLP mode : 0.0 [s]
# SLP: Finished : 0.0 [s]
# ELAB2: Elaboration final pass complete - time: 0.0 [s].
# KERNEL: Kernel process initialization done.
# Allocation: Simulator allocated 7333 kB (elbread=427 elab2=6761 kernel=144 sdf=0)
# KERNEL: ASDB file was created in location C:\Users\sayin\Desktop\code\CNN_Project\CNN_Project\CNN\src\wave.asdb
#  6:55 PM, Thursday, January 26, 2023
#  Simulation has been initialized
# Waveform file 'untitled.awc' connected to 'C:/Users/sayin/Desktop/code/CNN_Project/CNN_Project/CNN/src/wave.asdb'.
run 100 ns
# KERNEL: stopped at time: 100 ns
run
# KERNEL: Simulation has finished. There are no more test vectors to simulate.
acom -O3 -e 100 -work CNN -2002  $dsn/src/utility.vhd $dsn/src/PE.vhd $dsn/src/main.vhd $dsn/src/TestBench/cnn_TB.vhd
# Warning: DAGGEN_0523: The source is compiled without the -dbg switch. Line breakpoints and assertion debug will not be available.
# File: C:/Users/sayin/Desktop/code/CNN_Project/CNN_Project/CNN/src/utility.vhd
# Compile Package "utility"
# Compile Package Body "utility"
# File: C:/Users/sayin/Desktop/code/CNN_Project/CNN_Project/CNN/src/PE.vhd
# Compile Package "PE"
# Compile Package Body "PE"
# File: C:/Users/sayin/Desktop/code/CNN_Project/CNN_Project/CNN/src/main.vhd
# Compile Entity "CNN"
# Compile Architecture "behavioral" of Entity "CNN"
# Warning: COMP96_0564: main.vhd : (18, 5): Shared variable is not of a protected type. (IEEE 1076-2002, 4.3.1.3)
# File: C:/Users/sayin/Desktop/code/CNN_Project/CNN_Project/CNN/src/TestBench/cnn_TB.vhd
# Compile Entity "cnn_tb"
# Compile Architecture "TB_ARCHITECTURE" of Entity "cnn_tb"
# Compile Configuration "TESTBENCH_FOR_cnn"
# Compile success 0 Errors 1 Warnings  Analysis time :  0.4 [s]
restart
# ELBREAD: Elaboration process.
# ELBREAD: Elaboration time 0.1 [s].
# KERNEL: Main thread initiated.
# KERNEL: Kernel process initialization phase.
# ELAB2: Elaboration final pass...
# ELAB2: Create instances ...
# KERNEL: Time resolution set to 1ps.
# ELAB2: Create instances complete.
# SLP: Started
# SLP: Elaboration phase ...
# SLP: Elaboration phase ... skipped, nothing to simulate in SLP mode : 0.0 [s]
# SLP: Finished : 0.0 [s]
# ELAB2: Elaboration final pass complete - time: 0.3 [s].
# KERNEL: Kernel process initialization done.
# Allocation: Simulator allocated 7333 kB (elbread=427 elab2=6762 kernel=144 sdf=0)
# KERNEL: ASDB file was created in location C:\Users\sayin\Desktop\code\CNN_Project\CNN_Project\CNN\src\wave.asdb
#  7:10 PM, Thursday, January 26, 2023
#  Simulation has been initialized
# Waveform file 'untitled.awc' connected to 'C:/Users/sayin/Desktop/code/CNN_Project/CNN_Project/CNN/src/wave.asdb'.
run
# KERNEL: Simulation has finished. There are no more test vectors to simulate.
acom -O3 -e 100 -work CNN -2002  $dsn/src/utility.vhd $dsn/src/PE.vhd $dsn/src/main.vhd $dsn/src/TestBench/cnn_TB.vhd
# Warning: DAGGEN_0523: The source is compiled without the -dbg switch. Line breakpoints and assertion debug will not be available.
# File: C:/Users/sayin/Desktop/code/CNN_Project/CNN_Project/CNN/src/utility.vhd
# Compile Package "utility"
# Compile Package Body "utility"
# File: C:/Users/sayin/Desktop/code/CNN_Project/CNN_Project/CNN/src/PE.vhd
# Compile Package "PE"
# Compile Package Body "PE"
# File: C:/Users/sayin/Desktop/code/CNN_Project/CNN_Project/CNN/src/main.vhd
# Compile Entity "CNN"
# Compile Architecture "behavioral" of Entity "CNN"
# Warning: COMP96_0564: main.vhd : (18, 5): Shared variable is not of a protected type. (IEEE 1076-2002, 4.3.1.3)
# File: C:/Users/sayin/Desktop/code/CNN_Project/CNN_Project/CNN/src/TestBench/cnn_TB.vhd
# Compile Entity "cnn_tb"
# Compile Architecture "TB_ARCHITECTURE" of Entity "cnn_tb"
# Compile Configuration "TESTBENCH_FOR_cnn"
# Compile success 0 Errors 1 Warnings  Analysis time :  0.2 [s]
restart
# ELBREAD: Elaboration process.
# ELBREAD: Elaboration time 0.0 [s].
# KERNEL: Main thread initiated.
# KERNEL: Kernel process initialization phase.
# ELAB2: Elaboration final pass...
# ELAB2: Create instances ...
# KERNEL: Time resolution set to 1ps.
# ELAB2: Create instances complete.
# SLP: Started
# SLP: Elaboration phase ...
# SLP: Elaboration phase ... skipped, nothing to simulate in SLP mode : 0.0 [s]
# SLP: Finished : 0.0 [s]
# ELAB2: Elaboration final pass complete - time: 0.1 [s].
# KERNEL: Kernel process initialization done.
# Allocation: Simulator allocated 7333 kB (elbread=427 elab2=6762 kernel=144 sdf=0)
# KERNEL: ASDB file was created in location C:\Users\sayin\Desktop\code\CNN_Project\CNN_Project\CNN\src\wave.asdb
#  7:11 PM, Thursday, January 26, 2023
#  Simulation has been initialized
# Waveform file 'untitled.awc' connected to 'C:/Users/sayin/Desktop/code/CNN_Project/CNN_Project/CNN/src/wave.asdb'.
run 100 ns
# KERNEL: stopped at time: 100 ns
run
# KERNEL: Simulation has finished. There are no more test vectors to simulate.
acom -O3 -e 100 -work CNN -2002  $dsn/src/utility.vhd $dsn/src/PE.vhd $dsn/src/main.vhd $dsn/src/TestBench/cnn_TB.vhd
# Warning: DAGGEN_0523: The source is compiled without the -dbg switch. Line breakpoints and assertion debug will not be available.
# File: C:/Users/sayin/Desktop/code/CNN_Project/CNN_Project/CNN/src/utility.vhd
# Compile Package "utility"
# Compile Package Body "utility"
# File: C:/Users/sayin/Desktop/code/CNN_Project/CNN_Project/CNN/src/PE.vhd
# Compile Package "PE"
# Compile Package Body "PE"
# File: C:/Users/sayin/Desktop/code/CNN_Project/CNN_Project/CNN/src/main.vhd
# Compile Entity "CNN"
# Compile Architecture "behavioral" of Entity "CNN"
# Warning: COMP96_0564: main.vhd : (18, 5): Shared variable is not of a protected type. (IEEE 1076-2002, 4.3.1.3)
# File: C:/Users/sayin/Desktop/code/CNN_Project/CNN_Project/CNN/src/TestBench/cnn_TB.vhd
# Compile Entity "cnn_tb"
# Compile Architecture "TB_ARCHITECTURE" of Entity "cnn_tb"
# Compile Configuration "TESTBENCH_FOR_cnn"
# Compile success 0 Errors 1 Warnings  Analysis time :  0.2 [s]
restart
# ELBREAD: Elaboration process.
# ELBREAD: Elaboration time 0.0 [s].
# KERNEL: Main thread initiated.
# KERNEL: Kernel process initialization phase.
# ELAB2: Elaboration final pass...
# ELAB2: Create instances ...
# KERNEL: Time resolution set to 1ps.
# ELAB2: Create instances complete.
# SLP: Started
# SLP: Elaboration phase ...
# SLP: Elaboration phase ... skipped, nothing to simulate in SLP mode : 0.0 [s]
# SLP: Finished : 0.0 [s]
# ELAB2: Elaboration final pass complete - time: 0.1 [s].
# KERNEL: Kernel process initialization done.
# Allocation: Simulator allocated 7338 kB (elbread=427 elab2=6766 kernel=144 sdf=0)
# KERNEL: ASDB file was created in location C:\Users\sayin\Desktop\code\CNN_Project\CNN_Project\CNN\src\wave.asdb
#  7:14 PM, Thursday, January 26, 2023
#  Simulation has been initialized
# Waveform file 'untitled.awc' connected to 'C:/Users/sayin/Desktop/code/CNN_Project/CNN_Project/CNN/src/wave.asdb'.
run
# KERNEL: Simulation has finished. There are no more test vectors to simulate.
run
# KERNEL: Simulation has finished. There are no more test vectors to simulate.
acom -O3 -e 100 -work CNN -2002  $dsn/src/utility.vhd $dsn/src/PE.vhd $dsn/src/main.vhd $dsn/src/TestBench/cnn_TB.vhd
# Warning: DAGGEN_0523: The source is compiled without the -dbg switch. Line breakpoints and assertion debug will not be available.
# File: C:/Users/sayin/Desktop/code/CNN_Project/CNN_Project/CNN/src/utility.vhd
# Compile Package "utility"
# Compile Package Body "utility"
# File: C:/Users/sayin/Desktop/code/CNN_Project/CNN_Project/CNN/src/PE.vhd
# Compile Package "PE"
# Compile Package Body "PE"
# File: C:/Users/sayin/Desktop/code/CNN_Project/CNN_Project/CNN/src/main.vhd
# Compile Entity "CNN"
# Compile Architecture "behavioral" of Entity "CNN"
# Warning: COMP96_0564: main.vhd : (18, 5): Shared variable is not of a protected type. (IEEE 1076-2002, 4.3.1.3)
# File: C:/Users/sayin/Desktop/code/CNN_Project/CNN_Project/CNN/src/TestBench/cnn_TB.vhd
# Compile Entity "cnn_tb"
# Compile Architecture "TB_ARCHITECTURE" of Entity "cnn_tb"
# Compile Configuration "TESTBENCH_FOR_cnn"
# Compile success 0 Errors 1 Warnings  Analysis time :  0.1 [s]
restart
# ELBREAD: Elaboration process.
# ELBREAD: Elaboration time 0.0 [s].
# KERNEL: Main thread initiated.
# KERNEL: Kernel process initialization phase.
# ELAB2: Elaboration final pass...
# ELAB2: Create instances ...
# KERNEL: Time resolution set to 1ps.
# ELAB2: Create instances complete.
# SLP: Started
# SLP: Elaboration phase ...
# SLP: Elaboration phase ... skipped, nothing to simulate in SLP mode : 0.0 [s]
# SLP: Finished : 0.0 [s]
# ELAB2: Elaboration final pass complete - time: 0.0 [s].
# KERNEL: Kernel process initialization done.
# Allocation: Simulator allocated 7388 kB (elbread=427 elab2=6817 kernel=144 sdf=0)
# KERNEL: ASDB file was created in location C:\Users\sayin\Desktop\code\CNN_Project\CNN_Project\CNN\src\wave.asdb
#  7:17 PM, Thursday, January 26, 2023
#  Simulation has been initialized
# Waveform file 'untitled.awc' connected to 'C:/Users/sayin/Desktop/code/CNN_Project/CNN_Project/CNN/src/wave.asdb'.
run
# KERNEL: Simulation has finished. There are no more test vectors to simulate.
acom -O3 -e 100 -work CNN -2002  $dsn/src/utility.vhd $dsn/src/PE.vhd $dsn/src/main.vhd $dsn/src/TestBench/cnn_TB.vhd
# Warning: DAGGEN_0523: The source is compiled without the -dbg switch. Line breakpoints and assertion debug will not be available.
# File: C:/Users/sayin/Desktop/code/CNN_Project/CNN_Project/CNN/src/utility.vhd
# Compile Package "utility"
# Compile Package Body "utility"
# File: C:/Users/sayin/Desktop/code/CNN_Project/CNN_Project/CNN/src/PE.vhd
# Compile Package "PE"
# Compile Package Body "PE"
# File: C:/Users/sayin/Desktop/code/CNN_Project/CNN_Project/CNN/src/main.vhd
# Compile Entity "CNN"
# Compile Architecture "behavioral" of Entity "CNN"
# Warning: COMP96_0564: main.vhd : (18, 5): Shared variable is not of a protected type. (IEEE 1076-2002, 4.3.1.3)
# File: C:/Users/sayin/Desktop/code/CNN_Project/CNN_Project/CNN/src/TestBench/cnn_TB.vhd
# Compile Entity "cnn_tb"
# Compile Architecture "TB_ARCHITECTURE" of Entity "cnn_tb"
# Compile Configuration "TESTBENCH_FOR_cnn"
# Compile success 0 Errors 1 Warnings  Analysis time :  0.1 [s]
restart
# ELBREAD: Elaboration process.
# ELBREAD: Elaboration time 0.0 [s].
# KERNEL: Main thread initiated.
# KERNEL: Kernel process initialization phase.
# ELAB2: Elaboration final pass...
# ELAB2: Create instances ...
# KERNEL: Time resolution set to 1ps.
# ELAB2: Create instances complete.
# SLP: Started
# SLP: Elaboration phase ...
# SLP: Elaboration phase ... skipped, nothing to simulate in SLP mode : 0.0 [s]
# SLP: Finished : 0.0 [s]
# ELAB2: Elaboration final pass complete - time: 0.0 [s].
# KERNEL: Kernel process initialization done.
# Allocation: Simulator allocated 7332 kB (elbread=427 elab2=6761 kernel=144 sdf=0)
# KERNEL: ASDB file was created in location C:\Users\sayin\Desktop\code\CNN_Project\CNN_Project\CNN\src\wave.asdb
#  7:19 PM, Thursday, January 26, 2023
#  Simulation has been initialized
# Waveform file 'untitled.awc' connected to 'C:/Users/sayin/Desktop/code/CNN_Project/CNN_Project/CNN/src/wave.asdb'.
run
# KERNEL: Simulation has finished. There are no more test vectors to simulate.
acom -O3 -e 100 -work CNN -2002  $dsn/src/utility.vhd $dsn/src/PE.vhd $dsn/src/main.vhd $dsn/src/TestBench/cnn_TB.vhd
# Warning: DAGGEN_0523: The source is compiled without the -dbg switch. Line breakpoints and assertion debug will not be available.
# File: C:/Users/sayin/Desktop/code/CNN_Project/CNN_Project/CNN/src/utility.vhd
# Compile Package "utility"
# Compile Package Body "utility"
# File: C:/Users/sayin/Desktop/code/CNN_Project/CNN_Project/CNN/src/PE.vhd
# Compile Package "PE"
# Compile Package Body "PE"
# File: C:/Users/sayin/Desktop/code/CNN_Project/CNN_Project/CNN/src/main.vhd
# Compile Entity "CNN"
# Compile Architecture "behavioral" of Entity "CNN"
# Warning: COMP96_0564: main.vhd : (18, 5): Shared variable is not of a protected type. (IEEE 1076-2002, 4.3.1.3)
# File: C:/Users/sayin/Desktop/code/CNN_Project/CNN_Project/CNN/src/TestBench/cnn_TB.vhd
# Compile Entity "cnn_tb"
# Compile Architecture "TB_ARCHITECTURE" of Entity "cnn_tb"
# Compile Configuration "TESTBENCH_FOR_cnn"
# Compile success 0 Errors 1 Warnings  Analysis time :  0.2 [s]
restart
# ELBREAD: Elaboration process.
# ELBREAD: Elaboration time 0.1 [s].
# KERNEL: Main thread initiated.
# KERNEL: Kernel process initialization phase.
# ELAB2: Elaboration final pass...
# ELAB2: Create instances ...
# KERNEL: Time resolution set to 1ps.
# ELAB2: Create instances complete.
# SLP: Started
# SLP: Elaboration phase ...
# SLP: Elaboration phase ... skipped, nothing to simulate in SLP mode : 0.0 [s]
# SLP: Finished : 0.0 [s]
# ELAB2: Elaboration final pass complete - time: 0.1 [s].
# KERNEL: Kernel process initialization done.
# Allocation: Simulator allocated 7332 kB (elbread=427 elab2=6760 kernel=144 sdf=0)
# KERNEL: ASDB file was created in location C:\Users\sayin\Desktop\code\CNN_Project\CNN_Project\CNN\src\wave.asdb
#  8:10 PM, Thursday, January 26, 2023
#  Simulation has been initialized
# Waveform file 'untitled.awc' connected to 'C:/Users/sayin/Desktop/code/CNN_Project/CNN_Project/CNN/src/wave.asdb'.
run 100 ns
# KERNEL: stopped at time: 100 ns
run
# KERNEL: Simulation has finished. There are no more test vectors to simulate.
acom -O3 -e 100 -work CNN -2002  $dsn/src/utility.vhd $dsn/src/PE.vhd $dsn/src/main.vhd $dsn/src/TestBench/cnn_TB.vhd
# Warning: DAGGEN_0523: The source is compiled without the -dbg switch. Line breakpoints and assertion debug will not be available.
# File: C:/Users/sayin/Desktop/code/CNN_Project/CNN_Project/CNN/src/utility.vhd
# Compile Package "utility"
# Compile Package Body "utility"
# File: C:/Users/sayin/Desktop/code/CNN_Project/CNN_Project/CNN/src/PE.vhd
# Compile Package "PE"
# Compile Package Body "PE"
# File: C:/Users/sayin/Desktop/code/CNN_Project/CNN_Project/CNN/src/main.vhd
# Compile Entity "CNN"
# Compile Architecture "behavioral" of Entity "CNN"
# Error: COMP96_0019: main.vhd : (45, 13): Keyword 'if' expected.
# Error: COMP96_0015: main.vhd : (45, 13): ';' expected.
# Error: COMP96_0019: main.vhd : (45, 17): Keyword 'end' expected.
# Error: COMP96_0019: main.vhd : (72, 9): Keyword 'process' expected.
# Error: COMP96_0015: main.vhd : (73, 7): ';' expected.
# Error: COMP96_0016: main.vhd : (73, 15): Design unit declaration expected.
# Error: COMP96_0019: main.vhd : (74, 28): Keyword 'of' expected.
# Error: COMP96_0018: main.vhd : (74, 28): Identifier expected.
# File: C:/Users/sayin/Desktop/code/CNN_Project/CNN_Project/CNN/src/TestBench/cnn_TB.vhd
# Compile Entity "cnn_tb"
# Compile Architecture "TB_ARCHITECTURE" of Entity "cnn_tb"
# Compile Configuration "TESTBENCH_FOR_cnn"
# Compile failure 8 Errors 0 Warnings  Analysis time :  0.1 [s]
restart
# ELBREAD: Elaboration process.
# ELBREAD: Elaboration time 0.0 [s].
# KERNEL: Main thread initiated.
# KERNEL: Kernel process initialization phase.
# ELAB2: Elaboration final pass...
# ELAB2: Create instances ...
# KERNEL: Time resolution set to 1ps.
# ELAB2: Create instances complete.
# SLP: Started
# SLP: Elaboration phase ...
# SLP: Elaboration phase ... skipped, nothing to simulate in SLP mode : 0.0 [s]
# SLP: Finished : 0.0 [s]
# ELAB2: Elaboration final pass complete - time: 0.0 [s].
# KERNEL: Kernel process initialization done.
# Allocation: Simulator allocated 7332 kB (elbread=427 elab2=6760 kernel=144 sdf=0)
# KERNEL: ASDB file was created in location C:\Users\sayin\Desktop\code\CNN_Project\CNN_Project\CNN\src\wave.asdb
#  8:12 PM, Thursday, January 26, 2023
#  Simulation has been initialized
# Waveform file 'untitled.awc' connected to 'C:/Users/sayin/Desktop/code/CNN_Project/CNN_Project/CNN/src/wave.asdb'.
acom -O3 -e 100 -work CNN -2002  $dsn/src/utility.vhd $dsn/src/PE.vhd $dsn/src/main.vhd $dsn/src/TestBench/cnn_TB.vhd
# Warning: DAGGEN_0523: The source is compiled without the -dbg switch. Line breakpoints and assertion debug will not be available.
# File: C:/Users/sayin/Desktop/code/CNN_Project/CNN_Project/CNN/src/utility.vhd
# Compile Package "utility"
# Compile Package Body "utility"
# File: C:/Users/sayin/Desktop/code/CNN_Project/CNN_Project/CNN/src/PE.vhd
# Compile Package "PE"
# Compile Package Body "PE"
# File: C:/Users/sayin/Desktop/code/CNN_Project/CNN_Project/CNN/src/main.vhd
# Compile Entity "CNN"
# Compile Architecture "behavioral" of Entity "CNN"
# Warning: COMP96_0564: main.vhd : (18, 5): Shared variable is not of a protected type. (IEEE 1076-2002, 4.3.1.3)
# File: C:/Users/sayin/Desktop/code/CNN_Project/CNN_Project/CNN/src/TestBench/cnn_TB.vhd
# Compile Entity "cnn_tb"
# Compile Architecture "TB_ARCHITECTURE" of Entity "cnn_tb"
# Compile Configuration "TESTBENCH_FOR_cnn"
# Compile success 0 Errors 1 Warnings  Analysis time :  0.2 [s]
restart
# ELBREAD: Elaboration process.
# ELBREAD: Elaboration time 0.0 [s].
# KERNEL: Main thread initiated.
# KERNEL: Kernel process initialization phase.
# ELAB2: Elaboration final pass...
# ELAB2: Create instances ...
# KERNEL: Time resolution set to 1ps.
# ELAB2: Create instances complete.
# SLP: Started
# SLP: Elaboration phase ...
# SLP: Elaboration phase ... skipped, nothing to simulate in SLP mode : 0.0 [s]
# SLP: Finished : 0.0 [s]
# ELAB2: Elaboration final pass complete - time: 0.0 [s].
# KERNEL: Kernel process initialization done.
# Allocation: Simulator allocated 7332 kB (elbread=427 elab2=6761 kernel=144 sdf=0)
# KERNEL: ASDB file was created in location C:\Users\sayin\Desktop\code\CNN_Project\CNN_Project\CNN\src\wave.asdb
#  8:12 PM, Thursday, January 26, 2023
#  Simulation has been initialized
# Waveform file 'untitled.awc' connected to 'C:/Users/sayin/Desktop/code/CNN_Project/CNN_Project/CNN/src/wave.asdb'.
run
# KERNEL: Simulation has finished. There are no more test vectors to simulate.
run 100 ns
# KERNEL: stopped at time: 1 us
# KERNEL: Simulation has finished. There are no more test vectors to simulate.
restart
# ELBREAD: Elaboration process.
# ELBREAD: Elaboration time 0.0 [s].
# KERNEL: Main thread initiated.
# KERNEL: Kernel process initialization phase.
# ELAB2: Elaboration final pass...
# ELAB2: Create instances ...
# KERNEL: Time resolution set to 1ps.
# ELAB2: Create instances complete.
# SLP: Started
# SLP: Elaboration phase ...
# SLP: Elaboration phase ... skipped, nothing to simulate in SLP mode : 0.0 [s]
# SLP: Finished : 0.0 [s]
# ELAB2: Elaboration final pass complete - time: 0.0 [s].
# KERNEL: Kernel process initialization done.
# Allocation: Simulator allocated 7332 kB (elbread=427 elab2=6761 kernel=144 sdf=0)
# KERNEL: ASDB file was created in location C:\Users\sayin\Desktop\code\CNN_Project\CNN_Project\CNN\src\wave.asdb
#  8:21 PM, Thursday, January 26, 2023
#  Simulation has been initialized
run 100 ns
# KERNEL: stopped at time: 100 ns
# KERNEL: Warning: KERNEL_0291 Object "/cnn_tb/input" has already been traced.
# KERNEL: Warning: KERNEL_0291 Object "/cnn_tb/output" has already been traced.
# KERNEL: Warning: KERNEL_0291 Object "/cnn_tb/n_filter" has already been traced.
# VSIM: 0 object(s) traced.
# Waveform file 'untitled.awc' connected to 'C:/Users/sayin/Desktop/code/CNN_Project/CNN_Project/CNN/src/wave.asdb'.
run 100 ns
# KERNEL: stopped at time: 200 ns
run 100 ns
# KERNEL: stopped at time: 300 ns
run 100 ns
# KERNEL: stopped at time: 400 ns
run 100 ns
# KERNEL: stopped at time: 500 ns
run 100 ns
# KERNEL: stopped at time: 600 ns
restart
# ELBREAD: Elaboration process.
# ELBREAD: Elaboration time 0.0 [s].
# KERNEL: Main thread initiated.
# KERNEL: Kernel process initialization phase.
# ELAB2: Elaboration final pass...
# ELAB2: Create instances ...
# KERNEL: Time resolution set to 1ps.
# ELAB2: Create instances complete.
# SLP: Started
# SLP: Elaboration phase ...
# SLP: Elaboration phase ... skipped, nothing to simulate in SLP mode : 0.0 [s]
# SLP: Finished : 0.0 [s]
# ELAB2: Elaboration final pass complete - time: 0.0 [s].
# KERNEL: Kernel process initialization done.
# Allocation: Simulator allocated 7332 kB (elbread=427 elab2=6761 kernel=144 sdf=0)
# KERNEL: ASDB file was created in location C:\Users\sayin\Desktop\code\CNN_Project\CNN_Project\CNN\src\wave.asdb
#  8:22 PM, Thursday, January 26, 2023
#  Simulation has been initialized
# Waveform file 'untitled.awc' connected to 'C:/Users/sayin/Desktop/code/CNN_Project/CNN_Project/CNN/src/wave.asdb'.
acom -O3 -e 100 -work CNN -2002  $dsn/src/utility.vhd $dsn/src/PE.vhd $dsn/src/main.vhd $dsn/src/TestBench/cnn_TB.vhd
# Warning: DAGGEN_0523: The source is compiled without the -dbg switch. Line breakpoints and assertion debug will not be available.
# File: C:/Users/sayin/Desktop/code/CNN_Project/CNN_Project/CNN/src/utility.vhd
# Compile Package "utility"
# Compile Package Body "utility"
# File: C:/Users/sayin/Desktop/code/CNN_Project/CNN_Project/CNN/src/PE.vhd
# Compile Package "PE"
# Compile Package Body "PE"
# File: C:/Users/sayin/Desktop/code/CNN_Project/CNN_Project/CNN/src/main.vhd
# Compile Entity "CNN"
# Compile Architecture "behavioral" of Entity "CNN"
# Error: COMP96_0018: main.vhd : (46, 18): Identifier expected.
# File: C:/Users/sayin/Desktop/code/CNN_Project/CNN_Project/CNN/src/TestBench/cnn_TB.vhd
# Compile Entity "cnn_tb"
# Compile Architecture "TB_ARCHITECTURE" of Entity "cnn_tb"
# Compile Configuration "TESTBENCH_FOR_cnn"
# Compile failure 1 Errors 0 Warnings  Analysis time :  1.0 [s]
acom -O3 -e 100 -work CNN -2002  $dsn/src/utility.vhd $dsn/src/PE.vhd $dsn/src/main.vhd $dsn/src/TestBench/cnn_TB.vhd
# Warning: DAGGEN_0523: The source is compiled without the -dbg switch. Line breakpoints and assertion debug will not be available.
# File: C:/Users/sayin/Desktop/code/CNN_Project/CNN_Project/CNN/src/utility.vhd
# Compile Package "utility"
# Compile Package Body "utility"
# File: C:/Users/sayin/Desktop/code/CNN_Project/CNN_Project/CNN/src/PE.vhd
# Compile Package "PE"
# Compile Package Body "PE"
# File: C:/Users/sayin/Desktop/code/CNN_Project/CNN_Project/CNN/src/main.vhd
# Compile Entity "CNN"
# Compile Architecture "behavioral" of Entity "CNN"
# Warning: COMP96_0564: main.vhd : (18, 5): Shared variable is not of a protected type. (IEEE 1076-2002, 4.3.1.3)
# File: C:/Users/sayin/Desktop/code/CNN_Project/CNN_Project/CNN/src/TestBench/cnn_TB.vhd
# Compile Entity "cnn_tb"
# Compile Architecture "TB_ARCHITECTURE" of Entity "cnn_tb"
# Compile Configuration "TESTBENCH_FOR_cnn"
# Compile success 0 Errors 1 Warnings  Analysis time :  0.1 [s]
acom -O3 -e 100 -work CNN -2002  $dsn/src/utility.vhd $dsn/src/PE.vhd $dsn/src/main.vhd $dsn/src/TestBench/cnn_TB.vhd
# Warning: DAGGEN_0523: The source is compiled without the -dbg switch. Line breakpoints and assertion debug will not be available.
# File: C:/Users/sayin/Desktop/code/CNN_Project/CNN_Project/CNN/src/utility.vhd
# Compile Package "utility"
# Compile Package Body "utility"
# File: C:/Users/sayin/Desktop/code/CNN_Project/CNN_Project/CNN/src/PE.vhd
# Compile Package "PE"
# Compile Package Body "PE"
# File: C:/Users/sayin/Desktop/code/CNN_Project/CNN_Project/CNN/src/main.vhd
# Compile Entity "CNN"
# Compile Architecture "behavioral" of Entity "CNN"
# Warning: COMP96_0564: main.vhd : (18, 5): Shared variable is not of a protected type. (IEEE 1076-2002, 4.3.1.3)
# File: C:/Users/sayin/Desktop/code/CNN_Project/CNN_Project/CNN/src/TestBench/cnn_TB.vhd
# Compile Entity "cnn_tb"
# Compile Architecture "TB_ARCHITECTURE" of Entity "cnn_tb"
# Compile Configuration "TESTBENCH_FOR_cnn"
# Compile success 0 Errors 1 Warnings  Analysis time :  0.1 [s]
