Active-HDL 13.0.375.8320 2023-01-26 20:22:25

Elaboration top modules:
Architecture                  TB_ARCHITECTURE(cnn_tb)


----------------------------------------------------------------------------------------------
Entity   | Architecture    | Library | Info | Compiler Version          | Compilation Options
----------------------------------------------------------------------------------------------
cnn_tb   | TB_ARCHITECTURE | cnn     |      | 13.0.375.8320 (Windows64) | -O3
CNN      | behavioral      | cnn     |      | 13.0.375.8320 (Windows64) | -O3
----------------------------------------------------------------------------------------------

----------------------------------------------------------------------------------------------
VHDL Package               | Library | Info | Compiler Version          | Compilation Options
----------------------------------------------------------------------------------------------
standard                   | std     |      |                           | <unavailable>
TEXTIO                     | std     |      | 13.0.375.8320 (Windows64) |  -2019
std_logic_1164             | ieee    |      | 13.0.375.8320 (Windows64) |  -2008
NUMERIC_STD                | ieee    |      | 13.0.375.8320 (Windows64) |  -2008
utility                    | cnn     |      | 13.0.375.8320 (Windows64) | -O3
PE                         | cnn     |      | 13.0.375.8320 (Windows64) | -O3
STD_LOGIC_TEXTIO           | ieee    |      | 13.0.375.8320 (Windows64) | <unavailable>
----------------------------------------------------------------------------------------------

----------------------------------------------------------------------------------------------
Library                    | Comment
----------------------------------------------------------------------------------------------
cnn                        | None
ieee                       | Standard IEEE packages library
std                        | Standard VHDL library
----------------------------------------------------------------------------------------------
